[14:56:51] [main/INFO]: Loading Minecraft 1.21.8 with Fabric Loader 0.16.14
[14:56:51] [main/INFO]: Fabric is preparing JARs on first launch, this may take a few seconds...
[14:56:51] [ForkJoinPool-1-worker-15/WARN]: Mod dev_isxander_libsdl4j uses the version 3.2.16.release-3.2.16-75 which isn't compatible with Loader's extended semantic version format (Could not parse version number component 'release'!), SemVer is recommended for reliably evaluating dependencies and prioritizing newer version
[14:56:52] [main/INFO]: Dependencies overridden for minecraft, fabricloader, polytone
[14:56:52] [main/WARN]: Warnings were found!
 - 'Minecraft' (minecraft) 1.21.8 recommends any version after 10.2.0-beta.3 of Fabulously Optimized, which is missing!
	 - You should install any version after 10.2.0-beta.3 of Fabulously Optimized for the optimal experience.
[14:56:52] [main/INFO]: Loading 139 mods:
	- animatica 0.6.1+1.21.5
	- bettergrass 1.8.0+fabric.1.21.8
	- bettermounthud 1.2.6
	- capes 1.5.9+1.21.8
	- cloth-config 19.0.147
	   \-- cloth-basic-math 0.6.1
	- continuity 3.0.1-beta.1+1.21.6
	- controlify 2.2.1+1.21.6-fabric
	   |-- dev_isxander_libsdl4j 3.2.16.release-3.2.16-75
	   |-- dev_isxander_steamdeck4j 1.1.7
	   \-- org_hid4java_hid4java 0.8.0
	- cubes-without-borders 3.0.0+mc1.21.5
	- debugify 1.21.8+1.0
	   \-- mixinextras 0.5.0-rc.4
	- dynamic_fps 3.9.6
	   \-- net_lostluma_battery 1.3.0
	- e4mc_minecraft 5.4.1
	   \-- folk_sisby_kaleido-config 0.3.1+1.3.1
	- entity_model_features 2.4.4
	- entity_texture_features 6.2.14
	   \-- org_apache_httpcomponents_httpmime 4.5.10
	- entityculling 1.8.2
	   |-- transition 1.0.3
	   \-- trender 1.0.5
	- fabric-api 0.130.0+1.21.8
	   |-- fabric-api-base 0.4.64+9ec45cd82c
	   |-- fabric-api-lookup-api-v1 1.6.100+946bf4c32c
	   |-- fabric-biome-api-v1 16.0.11+946bf4c32c
	   |-- fabric-block-api-v1 1.1.3+946bf4c32c
	   |-- fabric-block-view-api-v2 1.0.31+946bf4c32c
	   |-- fabric-command-api-v2 2.3.0+52fff9ec2c
	   |-- fabric-content-registries-v0 10.0.18+946bf4c32c
	   |-- fabric-convention-tags-v1 2.1.40+7f945d5b2c
	   |-- fabric-convention-tags-v2 2.15.5+eb5df52f2c
	   |-- fabric-crash-report-info-v1 0.3.15+946bf4c32c
	   |-- fabric-data-attachment-api-v1 1.8.10+946bf4c32c
	   |-- fabric-data-generation-api-v1 23.2.5+9fc9c3b12c
	   |-- fabric-dimensions-v1 4.0.19+946bf4c32c
	   |-- fabric-entity-events-v1 2.1.1+c9e472732c
	   |-- fabric-events-interaction-v0 4.0.23+946bf4c32c
	   |-- fabric-game-rule-api-v1 1.0.73+c64c9c5b2c
	   |-- fabric-item-api-v1 11.4.3+946bf4c32c
	   |-- fabric-item-group-api-v1 4.2.13+946bf4c32c
	   |-- fabric-key-binding-api-v1 1.0.65+946bf4c32c
	   |-- fabric-lifecycle-events-v1 2.6.3+db4dfd852c
	   |-- fabric-loot-api-v2 3.0.55+3f89f5a52c
	   |-- fabric-loot-api-v3 2.0.2+946bf4c32c
	   |-- fabric-message-api-v1 6.1.1+946bf4c32c
	   |-- fabric-model-loading-api-v1 5.2.5+946bf4c32c
	   |-- fabric-networking-api-v1 5.0.1+946bf4c32c
	   |-- fabric-object-builder-api-v1 21.1.7+946bf4c32c
	   |-- fabric-particles-v1 4.1.7+946bf4c32c
	   |-- fabric-recipe-api-v1 8.1.14+946bf4c32c
	   |-- fabric-registry-sync-v0 6.1.27+946bf4c32c
	   |-- fabric-renderer-api-v1 7.0.2+946bf4c32c
	   |-- fabric-renderer-indigo 4.0.2+946bf4c32c
	   |-- fabric-rendering-fluids-v1 3.1.30+fa6cb72b2c
	   |-- fabric-rendering-v1 12.4.0+e8d43c762c
	   |-- fabric-resource-conditions-api-v1 5.0.24+946bf4c32c
	   |-- fabric-resource-loader-v0 3.1.11+946bf4c32c
	   |-- fabric-screen-api-v1 2.1.0+277ecf7d2c
	   |-- fabric-screen-handler-api-v1 1.3.136+946bf4c32c
	   |-- fabric-sound-api-v1 1.0.42+946bf4c32c
	   |-- fabric-tag-api-v1 1.2.1+946bf4c32c
	   |-- fabric-transfer-api-v1 6.0.5+946bf4c32c
	   \-- fabric-transitive-access-wideners-v1 6.4.1+ac3e15d12c
	- fabric-language-kotlin 1.13.4+kotlin.2.2.0
	   |-- org_jetbrains_kotlin_kotlin-reflect 2.2.0
	   |-- org_jetbrains_kotlin_kotlin-stdlib 2.2.0
	   |-- org_jetbrains_kotlin_kotlin-stdlib-jdk7 2.2.0
	   |-- org_jetbrains_kotlin_kotlin-stdlib-jdk8 2.2.0
	   |-- org_jetbrains_kotlinx_atomicfu-jvm 0.28.0
	   |-- org_jetbrains_kotlinx_kotlinx-coroutines-core-jvm 1.10.2
	   |-- org_jetbrains_kotlinx_kotlinx-coroutines-jdk8 1.10.2
	   |-- org_jetbrains_kotlinx_kotlinx-datetime-jvm 0.6.2
	   |-- org_jetbrains_kotlinx_kotlinx-io-bytestring-jvm 0.7.0
	   |-- org_jetbrains_kotlinx_kotlinx-io-core-jvm 0.7.0
	   |-- org_jetbrains_kotlinx_kotlinx-serialization-cbor-jvm 1.8.1
	   |-- org_jetbrains_kotlinx_kotlinx-serialization-core-jvm 1.8.1
	   \-- org_jetbrains_kotlinx_kotlinx-serialization-json-jvm 1.8.1
	- fabricloader 0.16.14
	- fabrishot 1.16.2
	- fastquit 3.1.1+mc1.21.6
	- ferritecore 8.0.0
	- forgeconfigapiport 21.8.0
	   |-- com_electronwill_night-config_core 3.8.2
	   \-- com_electronwill_night-config_toml 3.8.2
	- immediatelyfast 1.12.1+1.21.8
	   \-- net_lenni0451_reflect 1.3.4
	- iris 1.9.1+mc1.21.7
	   |-- io_github_douira_glsl-transformer 2.0.1
	   |-- org_anarres_jcpp 1.4.14
	   \-- org_antlr_antlr4-runtime 4.13.1
	- isxander-main-menu-credits 1.2.0
	- java 21
	- lambdynlights 4.3.2+1.21.8
	   |-- lambdynlights_api 4.3.2+1.21.8
	   |    |-- yumi-commons-collections 1.0.0-alpha.12
	   |    |-- yumi-commons-core 1.0.0-alpha.12
	   |    \-- yumi-commons-event 1.0.0-alpha.12
	   |-- pride 1.4.0+1.21.6
	   |-- spruceui 8.0.2+1.21.8
	   \-- yumi_mc_core 1.0.0-alpha.6+1.21.1
	        |-- yumi-commons-collections 1.0.0-alpha.12
	        |-- yumi-commons-core 1.0.0-alpha.12
	        \-- yumi-commons-event 1.0.0-alpha.12
	- languagereload 1.7.4+1.21.6
	- lithium 0.18.0+mc1.21.8
	- minecraft 1.21.8
	- mixintrace 1.1.1+1.17
	- modelfix 1.21.5-1.12
	- modmenu 15.0.0-beta.3
	   \-- placeholder-api 2.7.0+1.21.6
	- morechathistory 1.3.1
	- moreculling 1.4.0-beta.1
	   |-- conditional-mixin 0.6.3
	   \-- mixinsquared 0.2.0
	- nochatreports 1.21.7-v2.14.0
	- optigui 2.3.0-beta.7+1.21.6
	   |-- org_apache_commons_commons-text 1.12.0
	   \-- org_ini4j_ini4j 0.5.4
	- paginatedadvancements 2.7.0+1.21.7
	- polytone 1.21.7-3.5.2-alpha
	   \-- net_objecthunter_exp4j 0.4.8
	- puzzle 2.1.1
	   \-- midnightlib 1.7.4
	- reeses-sodium-options 1.8.4+mc1.21.6
	- rrls 5.1.8+mc1.21.6-fabric
	- sodium 0.6.13+mc1.21.6
	- sodium-extra 0.6.6+mc1.21.6
	- yet_another_config_lib_v3 3.7.1+1.21.6-fabric
	   |-- com_twelvemonkeys_common_common-image 3.12.0
	   |-- com_twelvemonkeys_common_common-io 3.12.0
	   |-- com_twelvemonkeys_common_common-lang 3.12.0
	   |-- com_twelvemonkeys_imageio_imageio-core 3.12.0
	   |-- com_twelvemonkeys_imageio_imageio-metadata 3.12.0
	   |-- com_twelvemonkeys_imageio_imageio-webp 3.12.0
	   |-- org_quiltmc_parsers_gson 0.2.1
	   \-- org_quiltmc_parsers_json 0.2.1
	- yosbr 0.1.2
	- zoomify 2.14.4+1.21.6
	   \-- com_akuleshov7_ktoml-core-jvm 0.5.2
[14:56:52] [main/INFO]: Applying default options... (YOSBR)
[14:56:52] [main/INFO]: Applying default options for \config\bettergrass.json from \config\yosbr\config\bettergrass.json
[14:56:52] [main/INFO]: Applying default options for \config\capes.json5 from \config\yosbr\config\capes.json5
[14:56:52] [main/INFO]: Applying default options for \config\citresewn.json from \config\yosbr\config\citresewn.json
[14:56:52] [main/INFO]: Applying default options for \config\debugify.json from \config\yosbr\config\debugify.json
[14:56:52] [main/INFO]: Applying default options for \config\dynamic_fps.json from \config\yosbr\config\dynamic_fps.json
[14:56:52] [main/INFO]: Applying default options for \config\entity_texture_features.json from \config\yosbr\config\entity_texture_features.json
[14:56:52] [main/INFO]: Applying default options for \config\fabrishot.properties from \config\yosbr\config\fabrishot.properties
[14:56:52] [main/INFO]: Applying default options for \config\fastquit.toml from \config\yosbr\config\fastquit.toml
[14:56:52] [main/INFO]: Applying default options for \config\iris.properties from \config\yosbr\config\iris.properties
[14:56:52] [main/INFO]: Applying default options for \config\lambdynlights.toml from \config\yosbr\config\lambdynlights.toml
[14:56:52] [main/INFO]: Applying default options for \config\midnightlib.json from \config\yosbr\config\midnightlib.json
[14:56:52] [main/INFO]: Applying default options for \config\modernfix-mixins.properties from \config\yosbr\config\modernfix-mixins.properties
[14:56:52] [main/INFO]: Applying default options for \config\modmenu.json from \config\yosbr\config\modmenu.json
[14:56:52] [main/INFO]: Applying default options for \config\moreculling.toml from \config\yosbr\config\moreculling.toml
[14:56:52] [main/INFO]: Applying default options for \config\NoChatReports\NCR-Client.json from \config\yosbr\config\NoChatReports\NCR-Client.json
[14:56:52] [main/INFO]: Applying default options for \config\NoChatReports\NCR-Common.json from \config\yosbr\config\NoChatReports\NCR-Common.json
[14:56:52] [main/INFO]: Applying default options for \config\PaginatedAdvancements.json5 from \config\yosbr\config\PaginatedAdvancements.json5
[14:56:52] [main/INFO]: Applying default options for \config\puzzle.json from \config\yosbr\config\puzzle.json
[14:56:52] [main/INFO]: Applying default options for \config\rrls.toml from \config\yosbr\config\rrls.toml
[14:56:52] [main/INFO]: Applying default options for \config\sodium-options.json from \config\yosbr\config\sodium-options.json
[14:56:52] [main/INFO]: Applying default options for \options.txt from \config\yosbr\options.txt
[14:56:52] [main/INFO]: SpongePowered MIXIN Subsystem Version=0.8.7 Source=file:/C:/Users/killi/AppData/Roaming/PrismLauncher/libraries/net/fabricmc/sponge-mixin/0.15.5+mixin.0.8.7/sponge-mixin-0.15.5+mixin.0.8.7.jar Service=Knot/Fabric Env=CLIENT
[14:56:52] [main/INFO]: Compatibility level set to JAVA_16
[14:56:52] [main/INFO]: Compatibility level set to JAVA_21
[14:56:52] [main/INFO]: Preloading Debugify
[14:56:52] [main/WARN]: Reference map 'forgeconfigapiport.common.refmap.json' for forgeconfigapiport.common.mixins.json could not be read. If this is a development environment you can ignore this message
[14:56:52] [main/WARN]: Reference map 'iris.refmap.json' for mixins.iris.json could not be read. If this is a development environment you can ignore this message
[14:56:52] [main/WARN]: Reference map 'iris-fabric.refmap.json' for mixins.iris.fabric.json could not be read. If this is a development environment you can ignore this message
[14:56:52] [main/WARN]: Reference map 'iris.refmap.json' for iris-batched-entity-rendering.mixins.json could not be read. If this is a development environment you can ignore this message
[14:56:52] [main/WARN]: Reference map 'iris.refmap.json' for mixins.iris.fantastic.json could not be read. If this is a development environment you can ignore this message
[14:56:52] [main/WARN]: Reference map 'iris.refmap.json' for mixins.iris.vertexformat.json could not be read. If this is a development environment you can ignore this message
[14:56:52] [main/WARN]: Reference map 'iris.refmap.json' for mixins.iris.bettermipmaps.json could not be read. If this is a development environment you can ignore this message
[14:56:52] [main/WARN]: Reference map 'iris.refmap.json' for mixins.iris.compat.sodium.json could not be read. If this is a development environment you can ignore this message
[14:56:52] [main/WARN]: Reference map 'iris.refmap.json' for mixins.iris.fixes.maxfpscrash.json could not be read. If this is a development environment you can ignore this message
[14:56:52] [main/WARN]: Mod 'ferritecore' attempted to override option 'mixin.alloc.blockstate', which doesn't exist, ignoring
[14:56:52] [main/INFO]: Loaded configuration file for Lithium: 160 options available, 0 override(s) found.
[14:56:53] [main/INFO]: Loaded configuration file for Sodium: 43 options available, 1 override(s) found
[14:56:53] [main/INFO]: Loaded configuration file for Sodium Extra: 33 options available, 0 override(s) found
[14:56:53] [main/WARN]: Reference map 'yet_another_config_lib_v3.refmap.json' for yacl.mixins.json could not be read. If this is a development environment you can ignore this message
[14:56:53] [main/WARN]: Reference map 'yet_another_config_lib_v3.refmap.json' for yacl-fabric.mixins.json could not be read. If this is a development environment you can ignore this message
[14:56:53] [main/WARN]: Force disabled MC-122477 because it only applies to OS: LINUX
[14:56:53] [main/WARN]: Force disabled MC-22882 because it only applies to OS: MAC
[14:56:53] [main/WARN]: Force disabled MC-59810 because it only applies to OS: MAC
[14:56:53] [main/WARN]: Error loading class: dev/tr7zw/skinlayers/render/CustomizableModelPart (java.lang.ClassNotFoundException: dev/tr7zw/skinlayers/render/CustomizableModelPart)
[14:56:53] [main/WARN]: Force-disabling mixin 'features.render.world.sky.FogRendererMixin' as rule 'mixin.features.render.world.sky' (added by mods [iris]) disables it and children
[14:56:53] [main/WARN]: Force-disabling mixin 'features.render.world.sky.ClientLevelMixin' as rule 'mixin.features.render.world.sky' (added by mods [iris]) disables it and children
[14:56:53] [main/WARN]: Force-disabling mixin 'features.render.world.sky.LevelRendererMixin' as rule 'mixin.features.render.world.sky' (added by mods [iris]) disables it and children
[14:56:53] [main/WARN]: Error loading class: org/jetbrains/annotations/ApiStatus$Internal (java.lang.ClassNotFoundException: org/jetbrains/annotations/ApiStatus$Internal)
[14:56:53] [main/INFO]: Searching for graphics cards...
[14:56:53] [main/INFO]: Found graphics adapter: AdapterInfo{vendor=NVIDIA, description='NVIDIA GeForce RTX 4060', adapterType=0x0000031B, openglIcdFilePath='C:\WINDOWS\System32\DriverStore\FileRepository\nv_dispi.inf_amd64_fe5f369669db2f36\nvoglv64.dll', openglIcdVersion=32.0.15.8088}
[14:56:53] [main/WARN]: Sodium has applied one or more workarounds to prevent crashes or other issues on your system: [NVIDIA_THREADED_OPTIMIZATIONS_BROKEN]
[14:56:53] [main/WARN]: This is not necessarily an issue, but it may result in certain features or optimizations being disabled. You can sometimes fix these issues by upgrading your graphics driver.
[14:56:53] [main/INFO]: Initializing MixinExtras via com.llamalad7.mixinextras.service.MixinExtrasServiceImpl(version=0.5.0-rc.4).
[14:56:55] [Datafixer Bootstrap/INFO]: 269 Datafixer optimizations took 319 milliseconds
[14:57:00] [Render thread/INFO]: Environment: Environment[sessionHost=https://sessionserver.mojang.com, servicesHost=https://api.minecraftservices.com, name=PROD]
[14:57:00] [Render thread/INFO]: Setting user: JLSkyzer
[14:57:00] [Render thread/INFO]: Enabled 9 bug fixes: [MC-577, MC-22882, MC-59810, MC-89146, MC-90683, MC-122477, MC-199467, MC-237493, MC-263865]
[14:57:00] [Render thread/INFO]: Successfully Debugify'd your game!
[14:57:01] [Render thread/WARN]: [BetterGrassify] Missing config field 'resourcePackCompatibilityMode'. Re-saving as default.
[14:57:01] [Render thread/WARN]: [BetterGrassify] Missing config field 'blocks'. Re-saving as default.
[14:57:01] [Render thread/WARN]: [BetterGrassify] Missing config field 'betterSnow'. Re-saving as default.
[14:57:01] [Render thread/INFO]: [BetterGrassify] Better Grass is disabled! ;(
[14:57:01] [Render thread/INFO]: Trying to read config file...
[14:57:01] [Render thread/INFO]: A config file was found, loading it..
[14:57:01] [Render thread/INFO]: Successfully loaded config file.
[14:57:01] [Render thread/INFO]: Pre-initializing Controlify...
[14:57:01] [Render thread/INFO]: Dynamic FPS 3.9.6 active on Fabric!
[14:57:01] [Render thread/INFO]: Loading Entity Model Features, PI = 3.1415927 and you can't convince me otherwise.
[14:57:01] [Render thread/INFO]: [ETF]: 6 new ETF Random Properties registered by entity_model_features.
[14:57:01] [Render thread/INFO]: Loading Entity Texture Features, not fit for consumption in the US.
[14:57:01] [Render thread/INFO]: [Indigo] Different rendering plugin detected; not applying Indigo.
[14:57:01] [Render thread/INFO]: [FastQuit] Initialized
[14:57:01] [Render thread/INFO]: Loaded config modelfix-client.json
[14:57:02] [Render thread/INFO]: [STDOUT]: [LibGui] Initializing Client...
[14:57:02] [Render thread/INFO]: Config file 'C:\Users\killi\AppData\Roaming\PrismLauncher\instances\Fabulously Optimized\minecraft\config\yacl.json5' does not exist. Creating it with default values.
[14:57:02] [Render thread/INFO]: Serializing class dev.isxander.yacl3.platform.YACLConfig to 'C:\Users\killi\AppData\Roaming\PrismLauncher\instances\Fabulously Optimized\minecraft\config\yacl.json5'
[14:57:02] [Render thread/INFO]: [LambDynLights] Initializing LambDynamicLights...
[14:57:02] [Render thread/INFO]: [LambDynLights] Configuration loaded.
[14:57:02] [Render thread/INFO]: Backend library: LWJGL version 3.3.3-snapshot
[14:57:02] [Render thread/INFO]: Modifying process environment to apply workarounds for the NVIDIA graphics driver...
[14:57:03] [Render thread/INFO]: Initializing ImmediatelyFast 1.12.1+1.21.8 on NVIDIA GeForce RTX 4060/PCIe/SSE2 (NVIDIA Corporation) with OpenGL 3.2.0 NVIDIA 580.88
[14:57:03] [Render thread/INFO]: Found Iris/Oculus 1.9.1+mc1.21.7. Enabling compatibility.
[14:57:03] [Render thread/INFO]: Debug functionality is disabled.
[14:57:03] [Render thread/INFO]: ARB_direct_state_access detected, enabling DSA.
[14:57:03] [Render thread/INFO]: Shaders are disabled because enableShaders is set to false in iris.properties
[14:57:03] [Render thread/INFO]: OpenGL Vendor: NVIDIA Corporation
[14:57:03] [Render thread/INFO]: OpenGL Renderer: NVIDIA GeForce RTX 4060/PCIe/SSE2
[14:57:03] [Render thread/INFO]: OpenGL Version: 3.2.0 NVIDIA 580.88
[14:57:03] [Render thread/INFO]: Modifying OpenGL context to apply workarounds for the NVIDIA graphics driver...
[14:57:03] [Render thread/INFO]: Enabling GL_DEBUG_OUTPUT_SYNCHRONOUS to force the NVIDIA driver to disable threadedcommand submission
[14:57:03] [Render thread/INFO]: Using optional rendering extensions: GL_ARB_buffer_storage, GL_KHR_debug, GL_ARB_vertex_attrib_binding, GL_ARB_direct_state_access
[14:57:04] [Render thread/INFO]: Hardware information:
[14:57:04] [Render thread/INFO]: CPU: 16x AMD Ryzen 7 5800X 8-Core Processor 
[14:57:04] [Render thread/INFO]: GPU: NVIDIA GeForce RTX 4060/PCIe/SSE2 (Supports OpenGL 3.2.0 NVIDIA 580.88)
[14:57:04] [Render thread/INFO]: OS: Windows 11 (10.0)
[14:57:04] [Render thread/INFO]: Reloading ResourceManager: vanilla, fabric, animatica, bettergrass, bettermounthud, capes, cloth-config, conditional-mixin, continuity, controlify, cubes-without-borders, debugify, dynamic_fps, e4mc_minecraft, entity_model_features, entity_texture_features, entityculling, fabric-api, fabric-api-base, fabric-api-lookup-api-v1, fabric-biome-api-v1, fabric-block-api-v1, fabric-block-view-api-v2, fabric-command-api-v2, fabric-content-registries-v0, fabric-convention-tags-v1, fabric-convention-tags-v2, fabric-crash-report-info-v1, fabric-data-attachment-api-v1, fabric-data-generation-api-v1, fabric-dimensions-v1, fabric-entity-events-v1, fabric-events-interaction-v0, fabric-game-rule-api-v1, fabric-item-api-v1, fabric-item-group-api-v1, fabric-key-binding-api-v1, fabric-language-kotlin, fabric-lifecycle-events-v1, fabric-loot-api-v2, fabric-loot-api-v3, fabric-message-api-v1, fabric-model-loading-api-v1, fabric-networking-api-v1, fabric-object-builder-api-v1, fabric-particles-v1, fabric-recipe-api-v1, fabric-registry-sync-v0, fabric-renderer-api-v1, fabric-renderer-indigo, fabric-rendering-fluids-v1, fabric-rendering-v1, fabric-resource-conditions-api-v1, fabric-resource-loader-v0, fabric-screen-api-v1, fabric-screen-handler-api-v1, fabric-sound-api-v1, fabric-tag-api-v1, fabric-transfer-api-v1, fabric-transitive-access-wideners-v1, fabricloader, fabrishot, fastquit, forgeconfigapiport, immediatelyfast, iris, lambdynlights, lambdynlights_api, languagereload, lithium, midnightlib, mixintrace, modmenu, morechathistory, moreculling, nochatreports, optigui, paginatedadvancements, placeholder-api, polytone, pride, puzzle, reeses-sodium-options, rrls, sodium, sodium-extra, spruceui, trender, yet_another_config_lib_v3, yosbr, zoomify, file/SodiumTranslations.zip, file/Mod Menu Helper.zip, file/Chat Reporting Helper.zip, continuity:glass_pane_culling_fix, continuity:default
[14:57:04] [Worker-Main-7/INFO]: Found unifont_all_no_pua-16.0.03.hex, loading
[14:57:04] [Worker-Main-12/INFO]: Found unifont_pua-16.0.03.hex, loading
[14:57:04] [Worker-Main-15/INFO]: Found unifont_jp_patch-16.0.03.hex, loading
[14:57:04] [Render thread/INFO]: Cached all modded block culling states
[14:57:05] [Render thread/INFO]: Language is not set. Setting it to system language
[14:57:06] [Render thread/INFO]: OpenAL initialized on device OpenAL Soft on Haut-parleurs (fifine SC3)
[14:57:06] [Render thread/INFO]: Sound engine started
[14:57:06] [Render thread/INFO]: Created: 1024x1024x4 minecraft:textures/atlas/blocks.png-atlas
[14:57:06] [Render thread/INFO]: Created: 256x256x4 minecraft:textures/atlas/signs.png-atlas
[14:57:06] [Render thread/INFO]: Created: 512x512x4 minecraft:textures/atlas/banner_patterns.png-atlas
[14:57:06] [Render thread/INFO]: Created: 512x512x4 minecraft:textures/atlas/shield_patterns.png-atlas
[14:57:06] [Render thread/INFO]: Created: 2048x1024x4 minecraft:textures/atlas/armor_trims.png-atlas
[14:57:06] [Render thread/INFO]: Created: 256x256x4 minecraft:textures/atlas/chest.png-atlas
[14:57:06] [Render thread/INFO]: Created: 128x64x4 minecraft:textures/atlas/decorated_pot.png-atlas
[14:57:06] [Render thread/INFO]: Created: 512x256x4 minecraft:textures/atlas/beds.png-atlas
[14:57:06] [Render thread/INFO]: Created: 512x256x4 minecraft:textures/atlas/shulker_boxes.png-atlas
[14:57:06] [Render thread/INFO]: Created: 64x64x0 minecraft:textures/atlas/map_decorations.png-atlas
[14:57:06] [Render thread/INFO]: Created: 512x256x0 minecraft:textures/atlas/particles.png-atlas
[14:57:06] [Render thread/INFO]: Created: 512x256x0 minecraft:textures/atlas/paintings.png-atlas
[14:57:06] [Render thread/INFO]: Created: 1024x1024x0 minecraft:textures/atlas/gui.png-atlas
[14:57:06] [Render thread/INFO]: Zoomify detected first launch!
[14:57:06] [Render thread/INFO]: [ETF]: reloading ETF data.
[14:57:06] [Render thread/INFO]: [ETF]: emissive suffixes loaded: {_e}.
[14:57:06] [Render thread/INFO]: [ETF]: emissive suffixes loaded: {_e}.
[14:57:06] [Render thread/INFO]: Initializing Controlify...
[14:57:06] [Render thread/INFO]: Loading Controlify config...
[14:57:06] [Render thread/INFO]: First launch detected. Creating initial config file!
[14:57:06] [Render thread/INFO]: Saving Controlify config...
[14:57:06] [Render thread/INFO]: [SDLNativesLoader] Attempting to load SDL3 from SDL3
[14:57:07] [Render thread/INFO]: [LoadedSDLNatives] Loading SDL3 version: 3.2.16. Java bindings targeting: 3.2.16
[14:57:07] [Render thread/INFO]: [LoadedSDLNatives] Successfully initialised SDL subsystems
[14:57:07] [Render thread/INFO]: [SDLNativesLoader] Successfully loaded SDL3 natives
[14:57:07] [Render thread/INFO]: Successfully loaded 530 gamepad mapping entries!
[14:57:07] [Render thread/INFO]: No controllers found.
[14:57:07] [Render thread/INFO]: Steam Deck state: NOT_STEAM_DECK
[14:57:17] [Render thread/INFO]: Creating pipeline for dimension minecraft:overworld
[14:57:33] [Render thread/INFO]: Instancing error handler class dev.isxander.debugify.mixinplugin.DebugifyErrorHandler
[14:57:33] [Render thread/WARN]: Mixin apply for mod controlify failed controlify-compat.reeses-sodium-options.mixins.json:SodiumVideoOptionsScreenMixin from mod controlify -> me.flashyreese.mods.reeses_sodium_options.client.gui.SodiumVideoOptionsScreen: org.spongepowered.asm.mixin.injection.throwables.InvalidInjectionException Critical injection failure: @Inject annotation on notifyProcessorRebuild could not find any targets matching 'init' in me/flashyreese/mods/reeses_sodium_options/client/gui/SodiumVideoOptionsScreen. Using refmap controlify.refmap.json [handler$zeh000$controlify$notifyProcessorRebuild(Lorg/spongepowered/asm/mixin/injection/callback/CallbackInfo;)V -> Parse ->  -> Validate Targets]
org.spongepowered.asm.mixin.injection.throwables.InvalidInjectionException: Critical injection failure: @Inject annotation on notifyProcessorRebuild could not find any targets matching 'init' in me/flashyreese/mods/reeses_sodium_options/client/gui/SodiumVideoOptionsScreen. Using refmap controlify.refmap.json [handler$zeh000$controlify$notifyProcessorRebuild(Lorg/spongepowered/asm/mixin/injection/callback/CallbackInfo;)V -> Parse ->  -> Validate Targets]
	at org.spongepowered.asm.mixin.injection.selectors.TargetSelectors.validate(TargetSelectors.java:346) ~[sponge-mixin-0.15.5+mixin.0.8.7.jar:0.15.5+mixin.0.8.7]
	at org.spongepowered.asm.mixin.injection.struct.InjectionInfo.readAnnotation(InjectionInfo.java:369) ~[sponge-mixin-0.15.5+mixin.0.8.7.jar:0.15.5+mixin.0.8.7]
	at org.spongepowered.asm.mixin.injection.struct.InjectionInfo.<init>(InjectionInfo.java:340) ~[sponge-mixin-0.15.5+mixin.0.8.7.jar:0.15.5+mixin.0.8.7]
	at org.spongepowered.asm.mixin.injection.struct.InjectionInfo.<init>(InjectionInfo.java:331) ~[sponge-mixin-0.15.5+mixin.0.8.7.jar:0.15.5+mixin.0.8.7]
	at org.spongepowered.asm.mixin.injection.struct.CallbackInjectionInfo.<init>(CallbackInjectionInfo.java:48) ~[sponge-mixin-0.15.5+mixin.0.8.7.jar:0.15.5+mixin.0.8.7]
	at java.base/jdk.internal.reflect.DirectConstructorHandleAccessor.newInstance(DirectConstructorHandleAccessor.java:62) ~[?:?]
	at java.base/java.lang.reflect.Constructor.newInstanceWithCaller(Constructor.java:502) ~[?:?]
	at java.base/java.lang.reflect.Constructor.newInstance(Constructor.java:486) ~[?:?]
	at org.spongepowered.asm.mixin.injection.struct.InjectionInfo$InjectorEntry.create(InjectionInfo.java:196) ~[sponge-mixin-0.15.5+mixin.0.8.7.jar:0.15.5+mixin.0.8.7]
	at org.spongepowered.asm.mixin.injection.struct.InjectionInfo.parse(InjectionInfo.java:664) ~[sponge-mixin-0.15.5+mixin.0.8.7.jar:0.15.5+mixin.0.8.7]
	at org.spongepowered.asm.mixin.transformer.MixinTargetContext.prepareInjections(MixinTargetContext.java:1399) ~[sponge-mixin-0.15.5+mixin.0.8.7.jar:0.15.5+mixin.0.8.7]
	at org.spongepowered.asm.mixin.transformer.MixinApplicatorStandard.prepareInjections(MixinApplicatorStandard.java:731) ~[sponge-mixin-0.15.5+mixin.0.8.7.jar:0.15.5+mixin.0.8.7]
	at org.spongepowered.asm.mixin.transformer.MixinApplicatorStandard.applyMixin(MixinApplicatorStandard.java:315) ~[sponge-mixin-0.15.5+mixin.0.8.7.jar:0.15.5+mixin.0.8.7]
	at org.spongepowered.asm.mixin.transformer.MixinApplicatorStandard.apply(MixinApplicatorStandard.java:246) ~[sponge-mixin-0.15.5+mixin.0.8.7.jar:0.15.5+mixin.0.8.7]
	at org.spongepowered.asm.mixin.transformer.TargetClassContext.apply(TargetClassContext.java:437) ~[sponge-mixin-0.15.5+mixin.0.8.7.jar:0.15.5+mixin.0.8.7]
	at org.spongepowered.asm.mixin.transformer.TargetClassContext.applyMixins(TargetClassContext.java:418) ~[sponge-mixin-0.15.5+mixin.0.8.7.jar:0.15.5+mixin.0.8.7]
	at org.spongepowered.asm.mixin.transformer.MixinProcessor.applyMixins(MixinProcessor.java:363) ~[sponge-mixin-0.15.5+mixin.0.8.7.jar:0.15.5+mixin.0.8.7]
	at org.spongepowered.asm.mixin.transformer.MixinTransformer.transformClass(MixinTransformer.java:234) ~[sponge-mixin-0.15.5+mixin.0.8.7.jar:0.15.5+mixin.0.8.7]
	at org.spongepowered.asm.mixin.transformer.MixinTransformer.transformClassBytes(MixinTransformer.java:202) ~[sponge-mixin-0.15.5+mixin.0.8.7.jar:0.15.5+mixin.0.8.7]
	at net.fabricmc.loader.impl.launch.knot.KnotClassDelegate.getPostMixinClassByteArray(KnotClassDelegate.java:422) ~[fabric-loader-0.16.14.jar:?]
	at net.fabricmc.loader.impl.launch.knot.KnotClassDelegate.tryLoadClass(KnotClassDelegate.java:323) ~[fabric-loader-0.16.14.jar:?]
	at net.fabricmc.loader.impl.launch.knot.KnotClassDelegate.loadClass(KnotClassDelegate.java:218) ~[fabric-loader-0.16.14.jar:?]
	at net.fabricmc.loader.impl.launch.knot.KnotClassLoader.loadClass(KnotClassLoader.java:119) ~[fabric-loader-0.16.14.jar:?]
	at java.base/java.lang.ClassLoader.loadClass(ClassLoader.java:526) ~[?:?]
	at knot/net.minecraft.class_429.handler$dgc000$sodium$open(class_429.java:1525) ~[client-intermediary.jar:?]
	at knot/net.minecraft.class_429.method_19828(class_429.java) ~[client-intermediary.jar:?]
	at knot/net.minecraft.class_429.method_47624(class_429.java:171) ~[client-intermediary.jar:?]
	at knot/net.minecraft.class_4185.method_25306(class_4185.java:96) ~[client-intermediary.jar:?]
	at knot/net.minecraft.class_4264.method_25348(class_4264.java:43) ~[client-intermediary.jar:?]
	at knot/net.minecraft.class_339.method_25402(class_339.java:136) ~[client-intermediary.jar:?]
	at knot/net.minecraft.class_4069.method_25402(class_4069.java:43) ~[client-intermediary.jar:?]
	at knot/net.minecraft.class_312.mixinextras$bridge$method_25402$58(class_312.java) ~[client-intermediary.jar:?]
	at knot/net.minecraft.class_312.wrapOperation$bjc000$fabric-screen-api-v1$invokeMouseClickedEvents(class_312.java:2045) ~[client-intermediary.jar:?]
	at knot/net.minecraft.class_312.method_1601(class_312.java:120) ~[client-intermediary.jar:?]
	at knot/net.minecraft.class_312.method_22686(class_312.java:226) ~[client-intermediary.jar:?]
	at knot/net.minecraft.class_1255.execute(class_1255.java:110) ~[client-intermediary.jar:?]
	at knot/net.minecraft.class_312.method_22684(class_312.java:226) ~[client-intermediary.jar:?]
	at knot/org.lwjgl.glfw.GLFWMouseButtonCallbackI.callback(GLFWMouseButtonCallbackI.java:43) [lwjgl-glfw-3.3.3.jar:?]
	at knot/org.lwjgl.system.JNI.invokeV(Native Method) ~[lwjgl-3.3.3.jar:?]
	at knot/org.lwjgl.glfw.GLFW.glfwWaitEventsTimeout(GLFW.java:3509) [lwjgl-glfw-3.3.3.jar:?]
	at knot/com.mojang.blaze3d.systems.RenderSystem.limitDisplayFPS(RenderSystem.java:179) [client-intermediary.jar:?]
	at knot/net.minecraft.class_310.method_1523(class_310.java:1383) [client-intermediary.jar:?]
	at knot/net.minecraft.class_310.method_1514(class_310.java:947) [client-intermediary.jar:?]
	at knot/net.minecraft.client.main.Main.main(Main.java:265) [client-intermediary.jar:?]
	at net.fabricmc.loader.impl.game.minecraft.MinecraftGameProvider.launch(MinecraftGameProvider.java:480) [fabric-loader-0.16.14.jar:?]
	at net.fabricmc.loader.impl.launch.knot.Knot.launch(Knot.java:74) [fabric-loader-0.16.14.jar:?]
	at net.fabricmc.loader.impl.launch.knot.KnotClient.main(KnotClient.java:23) [fabric-loader-0.16.14.jar:?]
	at org.prismlauncher.launcher.impl.StandardLauncher.launch(StandardLauncher.java:105) [NewLaunch.jar:?]
	at org.prismlauncher.EntryPoint.listen(EntryPoint.java:129) [NewLaunch.jar:?]
	at org.prismlauncher.EntryPoint.main(EntryPoint.java:70) [NewLaunch.jar:?]
[14:57:41] [Render thread/ERROR]: Can't ping nagiwani-DXQk.aternos.me: Internal Exception: java.net.SocketException: Connection reset
[14:57:43] [Render thread/INFO]: [ETF]: emissive suffixes loaded: {_e}.
[14:57:43] [Render thread/INFO]: Connecting to nagiwani-DXQk.aternos.me, 25565
[14:57:44] [Render thread/INFO]: Registered 17 custom block set types
[14:57:44] [Render thread/INFO]: Reloaded Polytone Resources in 83 ms
[14:57:44] [Render thread/INFO]: Reloading pipeline on dimension change: minecraft:overworld => minecraft:overworld
[14:57:44] [Render thread/INFO]: Destroying pipeline minecraft:overworld
[14:57:44] [Render thread/INFO]: Creating pipeline for dimension minecraft:overworld
[14:57:44] [Render thread/INFO]: Started 10 worker threads
[14:57:44] [Render thread/INFO]: Loaded 2 advancements
[14:57:44] [Render thread/INFO]: Stopping worker threads
[14:57:44] [Render thread/INFO]: Started 10 worker threads
[14:57:44] [Render thread/INFO]: Resizing Dynamic Transforms UBO, capacity limit of 2 reached during a single frame. New capacity will be 4.
[14:57:45] [Render thread/INFO]: Resizing Dynamic Transforms UBO, capacity limit of 4 reached during a single frame. New capacity will be 8.
[14:57:45] [Render thread/INFO]: Resizing Dynamic Transforms UBO, capacity limit of 8 reached during a single frame. New capacity will be 16.
[14:57:55] [Render thread/INFO]: [CHAT] <JLSkyzer> tarlouze
[14:59:07] [Render thread/INFO]: [CHAT] HypeNoose was slain by Zombie
[14:59:24] [Render thread/INFO]: Loaded 12 advancements
[14:59:36] [Render thread/WARN]: Unable to play empty soundEvent: minecraft:entity.salmon.ambient
[14:59:50] [Render thread/INFO]: [CHAT] <JLSkyzer> t
[14:59:58] [Render thread/INFO]: Loaded 13 advancements
[15:02:19] [Render thread/INFO]: [CHAT] JLSkyzer was shot by Skeleton
[15:02:19] [Render thread/INFO]: Loaded 51 advancements
[15:03:08] [Render thread/INFO]: Loaded 51 advancements
[15:03:10] [Render thread/INFO]: [CHAT] JLSkyzer burned to death
[15:03:11] [CullThread/INFO]: [STDOUT]: Shutting down culling task!
[15:03:11] [Render thread/INFO]: Stopping!
[15:03:11] [Render thread/INFO]: Stopping worker threads
[15:03:11] [Render thread/INFO]: [ETF]: emissive suffixes loaded: {_e}.
[15:03:11] [Render thread/INFO]: [FastQuit] Exiting FastQuit.
